<?xml version="1.0" encoding="UTF-8"?>
<!-- Generated by org.testng.reporters.JUnitReportReporter -->
<testsuite skipped="0" hostname="LAPTOP-H4ODDOJJ" name="day1.FirstScript" tests="1" failures="0" timestamp="2020-01-05T08:32:26 GMT" time="6.919" errors="0">
  <testcase name="testcase1" time="6.919" classname="day1.FirstScript"/>
</testsuite> <!-- day1.FirstScript -->
